<?xml version="1.0" encoding="UTF-8"?>
<!-- Generated by org.testng.reporters.JUnitReportReporter -->
<testsuite skipped="0" hostname="DINHYD1079" name="com.testngSample.SampleDependsTests" tests="3" failures="0" timestamp="14 Nov 2017 13:37:47 GMT" time="0.000" errors="0">
  <testcase name="test3" time="0.000" classname="com.testngSample.SampleDependsTests"/>
  <testcase name="test1" time="0.000" classname="com.testngSample.SampleDependsTests"/>
  <testcase name="test2" time="0.000" classname="com.testngSample.SampleDependsTests"/>
</testsuite> <!-- com.testngSample.SampleDependsTests -->
